<?xml version="1.0" encoding="UTF-8"?>
<!-- Generated by org.testng.reporters.JUnitReportReporter -->
<testsuite hostname="bdc7-l-4315lcj" failures="0" tests="2" name="com.abdul.tests.test2" time="29.476" errors="0" timestamp="2025-08-28T21:00:56 IST" skipped="0">
  <testcase classname="com.abdul.tests.test2" name="openYouTubePage" time="15.223"/>
  <testcase classname="com.abdul.tests.test2" name="openGooglePage" time="14.253"/>
</testsuite> <!-- com.abdul.tests.test2 -->
